<?xml version="1.0" encoding="UTF-8"?>
<testng-results skipped="0" failed="1" total="1" passed="0">
  <reporter-output>
  </reporter-output>
  <suite name="Default suite" duration-ms="11160" started-at="2019-08-20T20:14:03Z" finished-at="2019-08-20T20:14:14Z">
    <groups>
    </groups>
    <test name="Default test" duration-ms="11160" started-at="2019-08-20T20:14:03Z" finished-at="2019-08-20T20:14:14Z">
      <class name="Test.CashkaroSignup">
        <test-method status="PASS" signature="openBrowser()[pri:0, instance:Test.CashkaroSignup@1a968a59]" name="openBrowser" is-config="true" duration-ms="6274" started-at="2019-08-21T01:44:03Z" finished-at="2019-08-21T01:44:09Z">
          <reporter-output>
          </reporter-output>
        </test-method> <!-- openBrowser -->
        <test-method status="FAIL" signature="Validate_DXCGlassDoor_Search_Link()[pri:0, instance:Test.CashkaroSignup@1a968a59]" name="Validate_DXCGlassDoor_Search_Link" duration-ms="4434" started-at="2019-08-21T01:44:09Z" finished-at="2019-08-21T01:44:13Z">
          <exception class="java.lang.UnsatisfiedLinkError">
            <message>
              <![CDATA[The specified module could not be found.
]]>
            </message>
            <full-stacktrace>
              <![CDATA[java.lang.UnsatisfiedLinkError: The specified module could not be found.

	at com.sun.jna.Native.open(Native Method)
	at com.sun.jna.Native.open(Native.java:1759)
	at com.sun.jna.NativeLibrary.loadLibrary(NativeLibrary.java:260)
	at com.sun.jna.NativeLibrary.getInstance(NativeLibrary.java:398)
	at com.sun.jna.Library$Handler.<init>(Library.java:147)
	at com.sun.jna.Native.loadLibrary(Native.java:412)
	at com.sun.jna.Native.loadLibrary(Native.java:391)
	at net.sourceforge.tess4j.util.LoadLibs.getTessAPIInstance(LoadLibs.java:81)
	at net.sourceforge.tess4j.TessAPI.<clinit>(TessAPI.java:42)
	at net.sourceforge.tess4j.Tesseract.init(Tesseract.java:379)
	at net.sourceforge.tess4j.Tesseract.doOCR(Tesseract.java:292)
	at net.sourceforge.tess4j.Tesseract.doOCR(Tesseract.java:224)
	at net.sourceforge.tess4j.Tesseract.doOCR(Tesseract.java:208)
	at CashKaroPage.Home.readCapcha(Home.java:130)
	at CashKaroPage.Home.enterSignUpDetails(Home.java:72)
	at Test.CashkaroSignup.Validate_DXCGlassDoor_Search_Link(CashkaroSignup.java:42)
	at sun.reflect.NativeMethodAccessorImpl.invoke0(Native Method)
	at sun.reflect.NativeMethodAccessorImpl.invoke(NativeMethodAccessorImpl.java:62)
	at sun.reflect.DelegatingMethodAccessorImpl.invoke(DelegatingMethodAccessorImpl.java:43)
	at java.lang.reflect.Method.invoke(Method.java:498)
	at org.testng.internal.MethodInvocationHelper.invokeMethod(MethodInvocationHelper.java:86)
	at org.testng.internal.Invoker.invokeMethod(Invoker.java:643)
	at org.testng.internal.Invoker.invokeTestMethod(Invoker.java:820)
	at org.testng.internal.Invoker.invokeTestMethods(Invoker.java:1128)
	at org.testng.internal.TestMethodWorker.invokeTestMethods(TestMethodWorker.java:129)
	at org.testng.internal.TestMethodWorker.run(TestMethodWorker.java:112)
	at org.testng.TestRunner.privateRun(TestRunner.java:782)
	at org.testng.TestRunner.run(TestRunner.java:632)
	at org.testng.SuiteRunner.runTest(SuiteRunner.java:366)
	at org.testng.SuiteRunner.runSequentially(SuiteRunner.java:361)
	at org.testng.SuiteRunner.privateRun(SuiteRunner.java:319)
	at org.testng.SuiteRunner.run(SuiteRunner.java:268)
	at org.testng.SuiteRunnerWorker.runSuite(SuiteRunnerWorker.java:52)
	at org.testng.SuiteRunnerWorker.run(SuiteRunnerWorker.java:86)
	at org.testng.TestNG.runSuitesSequentially(TestNG.java:1244)
	at org.testng.TestNG.runSuitesLocally(TestNG.java:1169)
	at org.testng.TestNG.run(TestNG.java:1064)
	at org.testng.remote.AbstractRemoteTestNG.run(AbstractRemoteTestNG.java:114)
	at org.testng.remote.RemoteTestNG.initAndRun(RemoteTestNG.java:251)
	at org.testng.remote.RemoteTestNG.main(RemoteTestNG.java:77)
]]>
            </full-stacktrace>
          </exception> <!-- java.lang.UnsatisfiedLinkError -->
          <reporter-output>
          </reporter-output>
        </test-method> <!-- Validate_DXCGlassDoor_Search_Link -->
        <test-method status="PASS" signature="closeBrowser()[pri:0, instance:Test.CashkaroSignup@1a968a59]" name="closeBrowser" is-config="true" duration-ms="433" started-at="2019-08-21T01:44:13Z" finished-at="2019-08-21T01:44:14Z">
          <reporter-output>
          </reporter-output>
        </test-method> <!-- closeBrowser -->
      </class> <!-- Test.CashkaroSignup -->
    </test> <!-- Default test -->
  </suite> <!-- Default suite -->
</testng-results>
